Log file open, 04/09/19 21:15:11
LogWindows: Failed to load 'aqProf.dll' (GetLastError=126)
LogWindows: File 'aqProf.dll' does not exist
LogWindows: Failed to load 'VSPerf140.dll' (GetLastError=126)
LogWindows: File 'VSPerf140.dll' does not exist
LogWindows: Failed to load 'VtuneApi.dll' (GetLastError=126)
LogWindows: File 'VtuneApi.dll' does not exist
LogWindows: Failed to load 'VtuneApi32e.dll' (GetLastError=126)
LogWindows: File 'VtuneApi32e.dll' does not exist
LogInit: Display: Running engine for game: UE4ShadersAndEffects
LogPlatformFile: Not using cached read wrapper
LogTaskGraph: Started task graph with 5 named threads and 47 total threads with 3 sets of task threads.
LogStats: Stats thread started at 0.536545
LogD3D11RHI: Loaded GFSDK_Aftermath_Lib.x64.dll
LogICUInternationalization: Display: ICU TimeZone Detection - Raw Offset: +1:00, Platform Override: ''
LogPluginManager: Mounting plugin Paper2D
LogPluginManager: Mounting plugin AISupport
LogPluginManager: Mounting plugin LightPropagationVolume
LogPluginManager: Mounting plugin CLionSourceCodeAccess
LogPluginManager: Mounting plugin CodeLiteSourceCodeAccess
LogPluginManager: Mounting plugin GitSourceControl
LogPluginManager: Mounting plugin KDevelopSourceCodeAccess
LogPluginManager: Mounting plugin NullSourceCodeAccess
LogPluginManager: Mounting plugin PerforceSourceControl
LogPluginManager: Mounting plugin SubversionSourceControl
LogPluginManager: Mounting plugin UObjectPlugin
LogPluginManager: Mounting plugin VisualStudioCodeSourceCodeAccess
LogPluginManager: Mounting plugin VisualStudioSourceCodeAccess
LogPluginManager: Mounting plugin XCodeSourceCodeAccess
LogPluginManager: Mounting plugin AssetManagerEditor
LogPluginManager: Mounting plugin CryptoKeys
LogPluginManager: Mounting plugin DataValidation
LogPluginManager: Mounting plugin FacialAnimation
LogPluginManager: Mounting plugin GameplayTagsEditor
LogPluginManager: Mounting plugin MacGraphicsSwitching
LogPluginManager: Mounting plugin MeshEditor
LogPluginManager: Mounting plugin MobileLauncherProfileWizard
LogPluginManager: Mounting plugin PluginBrowser
LogPluginManager: Mounting plugin SpeedTreeImporter
LogPluginManager: Mounting plugin DatasmithContent
LogPluginManager: Mounting plugin AlembicImporter
LogPluginManager: Mounting plugin AppleImageUtils
LogPluginManager: Mounting plugin AppleVision
LogPluginManager: Mounting plugin BackChannel
LogPluginManager: Mounting plugin CharacterAI
LogPluginManager: Mounting plugin GeometryCache
LogPluginManager: Mounting plugin HTML5Networking
LogPluginManager: Mounting plugin ProxyLODPlugin
LogPluginManager: Mounting plugin MagicLeap
LogPluginManager: Mounting plugin MagicLeapEmulator
LogPluginManager: Mounting plugin MagicLeapMedia
LogPluginManager: Mounting plugin AndroidMedia
LogPluginManager: Mounting plugin AvfMedia
LogPluginManager: Mounting plugin ImgMedia
LogPluginManager: Mounting plugin LinearTimecode
LogPluginManager: Mounting plugin MediaCompositing
LogPluginManager: Mounting plugin MediaPlayerEditor
LogPluginManager: Mounting plugin WmfMedia
LogPluginManager: Mounting plugin TcpMessaging
LogPluginManager: Mounting plugin UdpMessaging
LogPluginManager: Mounting plugin ActorSequence
LogPluginManager: Mounting plugin LevelSequenceEditor
LogPluginManager: Mounting plugin MatineeToLevelSequence
LogPluginManager: Mounting plugin NetcodeUnitTest
LogPluginManager: Mounting plugin NUTUnrealEngine4
LogPluginManager: Mounting plugin OnlineSubsystemGooglePlay
LogPluginManager: Mounting plugin OnlineSubsystemIOS
LogPluginManager: Mounting plugin OnlineSubsystem
LogPluginManager: Mounting plugin OnlineSubsystemNull
LogPluginManager: Mounting plugin OnlineSubsystemUtils
LogPluginManager: Mounting plugin LauncherChunkInstaller
LogPluginManager: Mounting plugin AndroidDeviceProfileSelector
LogPluginManager: Mounting plugin AndroidMoviePlayer
LogPluginManager: Mounting plugin AndroidPermission
LogPluginManager: Mounting plugin AppleMoviePlayer
LogPluginManager: Mounting plugin ArchVisCharacter
LogPluginManager: Mounting plugin AudioCapture
LogPluginManager: Mounting plugin CableComponent
LogPluginManager: Mounting plugin CustomMeshComponent
LogPluginManager: Mounting plugin EditableMesh
LogPluginManager: Mounting plugin ExampleDeviceProfileSelector
LogPluginManager: Mounting plugin GoogleCloudMessaging
LogPluginManager: Mounting plugin ImmediatePhysics
LogPluginManager: Mounting plugin IOSDeviceProfileSelector
LogPluginManager: Mounting plugin LinuxDeviceProfileSelector
LogPluginManager: Mounting plugin LocationServicesBPLibrary
LogPluginManager: Mounting plugin MobilePatchingUtils
LogPluginManager: Mounting plugin OculusVR
LogPluginManager: Plugin shader directory ../../../Engine/Plugins/Runtime/Oculus/OculusVR/Shaders found
LogPluginManager: Mapping shader source directory ../../../Engine/Plugins/Runtime/Oculus/OculusVR/Shaders to virtual directory /Plugin/OculusVR
LogPluginManager: Mounting plugin PhysXVehicles
LogPluginManager: Mounting plugin ProceduralMeshComponent
LogPluginManager: Mounting plugin RuntimePhysXCooking
LogPluginManager: Mounting plugin SteamVR
LogPluginManager: Mounting plugin WindowsMoviePlayer
LogStreaming: Display: Took  0.067s to configure plugins.
LogInit: Using libcurl 7.55.1-DEV
LogInit:  - built for x86_64-pc-win32
LogInit:  - supports SSL with OpenSSL/1.0.2h
LogInit:  - supports HTTP deflate (compression) using libz 1.2.8
LogInit:  - other features:
LogInit:      CURL_VERSION_SSL
LogInit:      CURL_VERSION_LIBZ
LogInit:      CURL_VERSION_IPV6
LogInit:      CURL_VERSION_ASYNCHDNS
LogInit:      CURL_VERSION_LARGEFILE
LogInit:      CURL_VERSION_IDN
LogInit:  CurlRequestOptions (configurable via config and command line):
LogInit:  - bVerifyPeer = false  - Libcurl will NOT verify peer certificate
LogInit:  - bUseHttpProxy = false  - Libcurl will NOT use HTTP proxy
LogInit:  - bDontReuseConnections = false  - Libcurl will reuse connections
LogInit:  - CertBundlePath = nullptr  - Libcurl will use whatever was configured at build time.
LogInit:  - MaxHostConnections = 16  - Libcurl will limit the number of connections to a host
LogInit:  - LocalHostAddr = Default
LogInit:  - BufferSize = 65536
LogInit: WinSock: version 1.1 (2.2), MaxSocks=32767, MaxUdp=65467
LogInit: Build: ++UE4+Release-4.20-CL-4369336
LogInit: Engine Version: 4.20.3-4369336+++UE4+Release-4.20
LogInit: Compatible Engine Version: 4.20.0-4212847+++UE4+Release-4.20
LogInit: Net CL: 4212847
LogInit: OS: Windows 10 (), CPU: Intel(R) Core(TM) i7-7820X CPU @ 3.60GHz, GPU: NVIDIA GeForce GTX 1080
LogInit: Compiled (64-bit): Sep 17 2018 12:26:19
LogInit: Compiled with Visual C++: 19.13.26129.00
LogInit: Build Configuration: Development
LogInit: Branch Name: ++UE4+Release-4.20
LogInit: Command Line:  
LogInit: Base Directory: C:/Program Files/Epic Games/UE_4.20/Engine/Binaries/Win64/
LogInit: Installed Engine Build: 1
LogDevObjectVersion: Number of dev versions registered: 20
LogDevObjectVersion:   Dev-Blueprints (B0D832E4-1F89-4F0D-ACCF-7EB736FD4AA2): 10
LogDevObjectVersion:   Dev-Build (E1C64328-A22C-4D53-A36C-8E866417BD8C): 0
LogDevObjectVersion:   Dev-Core (375EC13C-06E4-48FB-B500-84F0262A717E): 2
LogDevObjectVersion:   Dev-Editor (E4B068ED-F494-42E9-A231-DA0B2E46BB41): 24
LogDevObjectVersion:   Dev-Framework (CFFC743F-43B0-4480-9391-14DF171D2073): 34
LogDevObjectVersion:   Dev-Mobile (B02B49B5-BB20-44E9-A304-32B752E40360): 2
LogDevObjectVersion:   Dev-Networking (A4E4105C-59A1-49B5-A7C5-40C4547EDFEE): 0
LogDevObjectVersion:   Dev-Online (39C831C9-5AE6-47DC-9A44-9C173E1C8E7C): 0
LogDevObjectVersion:   Dev-Physics (78F01B33-EBEA-4F98-B9B4-84EACCB95AA2): 0
LogDevObjectVersion:   Dev-Platform (6631380F-2D4D-43E0-8009-CF276956A95A): 0
LogDevObjectVersion:   Dev-Rendering (12F88B9F-8875-4AFC-A67C-D90C383ABD29): 26
LogDevObjectVersion:   Dev-Sequencer (7B5AE74C-D270-4C10-A958-57980B212A5A): 9
LogDevObjectVersion:   Dev-VR (D7296918-1DD6-4BDD-9DE2-64A83CC13884): 2
LogDevObjectVersion:   Dev-LoadTimes (C2A15278-BFE7-4AFE-6C17-90FF531DF755): 1
LogDevObjectVersion:   Private-Geometry (6EACA3D4-40EC-4CC1-B786-8BED09428FC5): 3
LogDevObjectVersion:   Dev-AnimPhys (29E575DD-E0A3-4627-9D10-D276232CDCEA): 17
LogDevObjectVersion:   Dev-ReflectionCapture (6B266CEC-1EC7-4B8F-A30B-E4D90942FC07): 1
LogDevObjectVersion:   Dev-Automation (0DF73D61-A23F-47EA-B727-89E90C41499A): 1
LogDevObjectVersion:   FortniteMain (601D1886-AC64-4F84-AA16-D3DE0DEAC7D6): 12
LogDevObjectVersion:   Dev-Enterprise (9DFFBCD6-494F-0158-E221-12823C92A888): 1
LogStreaming: Display: Took  0.001s to delete old logs.
LogInit: Presizing for max 8388607 objects, including 0 objects not considered by GC, pre-allocating 0 bytes for permanent pool.
LogInit: Object subsystem initialized
[2019.04.09-19.15.11:763][  0]LogInit: Selected Device Profile: [Windows]
[2019.04.09-19.15.11:763][  0]LogInit: Applying CVar settings loaded from the selected device profile: [Windows]
[2019.04.09-19.15.11:783][  0]LogHAL: Display: Platform has ~ 64 GB [68381777920 / 68719476736 / 64], which maps to Largest [LargestMinGB=32, LargerMinGB=12, DefaultMinGB=8, SmallerMinGB=6, SmallestMinGB=0)
[2019.04.09-19.15.11:783][  0]LogInit: Setting Device Profile CVar: [[r.Vulkan.UseRealUBs:1]]
[2019.04.09-19.15.11:783][  0]LogInit: Going up to parent DeviceProfile []
[2019.04.09-19.15.11:784][  0]LogInit: Computer: ACCUCITIES
[2019.04.09-19.15.11:784][  0]LogInit: User: AccuCities
[2019.04.09-19.15.11:784][  0]LogInit: CPU Page size=4096, Cores=8
[2019.04.09-19.15.11:784][  0]LogInit: High frequency timer resolution =3.515626 MHz
[2019.04.09-19.15.11:784][  0]LogMemory: Memory total: Physical=63.7GB (64GB approx)
[2019.04.09-19.15.11:784][  0]LogMemory: Platform Memory Stats for Windows
[2019.04.09-19.15.11:784][  0]LogMemory: Process Physical Memory: 101.97 MB used, 101.97 MB peak
[2019.04.09-19.15.11:784][  0]LogMemory: Process Virtual Memory: 95.19 MB used, 95.19 MB peak
[2019.04.09-19.15.11:784][  0]LogMemory: Physical Memory: 7843.80 MB used,  57370.14 MB free, 65213.95 MB total
[2019.04.09-19.15.11:784][  0]LogMemory: Virtual Memory: 4682.55 MB used,  57370.14 MB free, 134217728.00 MB total
[2019.04.09-19.15.11:807][  0]LogInit: Using OS detected language (en-US).
[2019.04.09-19.15.11:807][  0]LogInit: Using OS detected locale (en-GB).
[2019.04.09-19.15.11:808][  0]LogTextLocalizationManager: No specific localization for 'en-US' exists, so the 'en' localization will be used.
[2019.04.09-19.15.12:095][  0]LogStreaming: Display: Took  0.287s to InitEngineTextLocalization.
[2019.04.09-19.15.12:095][  0]LogInit: Setting process to per monitor DPI aware
[2019.04.09-19.15.12:125][  0]LogSlate: New Slate User Created.  User Index 0, Is Virtual User: 0
[2019.04.09-19.15.12:125][  0]LogSlate: Slate User Registered.  User Index 0, Is Virtual User: 0
[2019.04.09-19.15.12:324][  0]LogHMD: Failed to initialize OpenVR with code 110
[2019.04.09-19.15.12:325][  0]LogD3D11RHI: D3D11 adapters:
[2019.04.09-19.15.12:384][  0]LogD3D11RHI:    0. 'NVIDIA GeForce GTX 1080' (Feature Level 11_0)
[2019.04.09-19.15.12:384][  0]LogD3D11RHI:       8079/0/32606 MB DedicatedVideo/DedicatedSystem/SharedSystem, Outputs:2, VendorId:0x10de
[2019.04.09-19.15.12:386][  0]LogD3D11RHI:    1. 'Microsoft Basic Render Driver' (Feature Level 11_0)
[2019.04.09-19.15.12:386][  0]LogD3D11RHI:       0/0/32606 MB DedicatedVideo/DedicatedSystem/SharedSystem, Outputs:0, VendorId:0x1414
[2019.04.09-19.15.12:386][  0]LogD3D11RHI: Chosen D3D11 Adapter: 0
[2019.04.09-19.15.12:393][  0]LogD3D11RHI: Creating new Direct3DDevice
[2019.04.09-19.15.12:393][  0]LogD3D11RHI:     GPU DeviceId: 0x1b80 (for the marketing name, search the web for "GPU Device Id")
[2019.04.09-19.15.12:393][  0]LogWindows: EnumDisplayDevices:
[2019.04.09-19.15.12:393][  0]LogWindows:    0. 'NVIDIA GeForce GTX 1080' (P:1 D:1)
[2019.04.09-19.15.12:393][  0]LogWindows:    1. 'NVIDIA GeForce GTX 1080' (P:0 D:1)
[2019.04.09-19.15.12:394][  0]LogWindows:    2. 'NVIDIA GeForce GTX 1080' (P:0 D:0)
[2019.04.09-19.15.12:394][  0]LogWindows:    3. 'NVIDIA GeForce GTX 1080' (P:0 D:0)
[2019.04.09-19.15.12:394][  0]LogWindows: DebugString: FoundDriverCount:4 
[2019.04.09-19.15.12:394][  0]LogD3D11RHI:     Adapter Name: NVIDIA GeForce GTX 1080
[2019.04.09-19.15.12:394][  0]LogD3D11RHI:   Driver Version: 419.67 (internal:25.21.14.1967, unified:419.67)
[2019.04.09-19.15.12:394][  0]LogD3D11RHI:      Driver Date: 3-17-2019
[2019.04.09-19.15.12:394][  0]LogRHI: Texture pool is 5655 MB (70% of 8079 MB)
[2019.04.09-19.15.12:432][  0]LogD3D11RHI: Async texture creation enabled
[2019.04.09-19.15.12:457][  0]LogD3D11RHI: GPU Timing Frequency: 1000.000000 (Debug: 2 1)
[2019.04.09-19.15.12:508][  0]LogShaderCompilers: Guid format shader working directory is 11 characters bigger than the processId version (D:/Unreal/0_Backend/UE4ShadersAndEffects/Intermediate/Shaders/WorkingDirectory/6080/).
[2019.04.09-19.15.12:508][  0]LogShaderCompilers: Cleaned the shader compiler working directory 'C:/Users/AccuCities/AppData/Local/Temp/UnrealShaderWorkingDir/45BB6B4548C8CF16E4F491BF9EEBA50E/'.
[2019.04.09-19.15.12:740][  0]LogTemp: Display: Loaded TP AllDesktopTargetPlatform
[2019.04.09-19.15.12:764][  0]LogTemp: Display: Loaded TP MacClientTargetPlatform
[2019.04.09-19.15.12:779][  0]LogTemp: Display: Loaded TP MacNoEditorTargetPlatform
[2019.04.09-19.15.12:792][  0]LogTemp: Display: Loaded TP MacServerTargetPlatform
[2019.04.09-19.15.12:803][  0]LogTemp: Display: Loaded TP MacTargetPlatform
[2019.04.09-19.15.12:814][  0]LogTemp: Display: Loaded TP WindowsClientTargetPlatform
[2019.04.09-19.15.12:824][  0]LogTemp: Display: Loaded TP WindowsNoEditorTargetPlatform
[2019.04.09-19.15.12:835][  0]LogTemp: Display: Loaded TP WindowsServerTargetPlatform
[2019.04.09-19.15.12:841][  0]LogTemp: Display: Loaded TP WindowsTargetPlatform
[2019.04.09-19.15.12:898][  0]LogTemp: Display: Loaded TP AndroidTargetPlatform
[2019.04.09-19.15.12:898][  0]LogTemp: Display: Loaded TP AndroidTargetPlatform
[2019.04.09-19.15.12:898][  0]LogTemp: Display: Loaded TP AndroidTargetPlatform
[2019.04.09-19.15.12:898][  0]LogTemp: Display: Loaded TP AndroidTargetPlatform
[2019.04.09-19.15.12:898][  0]LogTemp: Display: Loaded TP AndroidTargetPlatform
[2019.04.09-19.15.12:898][  0]LogTemp: Display: Loaded TP AndroidTargetPlatform
[2019.04.09-19.15.12:898][  0]LogTemp: Display: Loaded TP AndroidTargetPlatform
[2019.04.09-19.15.12:898][  0]LogTemp: Display: Loaded TP AndroidTargetPlatform
[2019.04.09-19.15.12:898][  0]LogTemp: Display: Loaded TP AndroidTargetPlatform
[2019.04.09-19.15.12:898][  0]LogTemp: Display: Loaded TP AndroidTargetPlatform
[2019.04.09-19.15.12:898][  0]LogTemp: Display: Loaded TP AndroidTargetPlatform
[2019.04.09-19.15.12:898][  0]LogTemp: Display: Loaded TP AndroidTargetPlatform
[2019.04.09-19.15.12:898][  0]LogTemp: Display: Loaded TP AndroidTargetPlatform
[2019.04.09-19.15.12:898][  0]LogTemp: Display: Loaded TP AndroidTargetPlatform
[2019.04.09-19.15.12:898][  0]LogTemp: Display: Loaded TP AndroidTargetPlatform
[2019.04.09-19.15.12:898][  0]LogTemp: Display: Loaded TP AndroidTargetPlatform
[2019.04.09-19.15.12:898][  0]LogTemp: Display: Loaded TP AndroidTargetPlatform
[2019.04.09-19.15.12:898][  0]LogTemp: Display: Loaded TP AndroidTargetPlatform
[2019.04.09-19.15.12:899][  0]LogTemp: Display: Loaded TP HTML5TargetPlatform
[2019.04.09-19.15.12:975][  0]LogTemp: Display: Loaded TP IOSTargetPlatform
[2019.04.09-19.15.12:975][  0]LogTemp: Display: Loaded TP IOSTargetPlatform
[2019.04.09-19.15.13:019][  0]LogTemp: Display: Loaded TP TVOSTargetPlatform
[2019.04.09-19.15.13:019][  0]LogTemp: Display: Loaded TP TVOSTargetPlatform
[2019.04.09-19.15.13:032][  0]LogTemp: Display: Loaded TP LinuxClientTargetPlatform
[2019.04.09-19.15.13:042][  0]LogTemp: Display: Loaded TP LinuxNoEditorTargetPlatform
[2019.04.09-19.15.13:051][  0]LogTemp: Display: Loaded TP LinuxServerTargetPlatform
[2019.04.09-19.15.13:061][  0]LogTemp: Display: Loaded TP LinuxTargetPlatform
[2019.04.09-19.15.13:068][  0]LogTemp: Display: Loaded TP LuminTargetPlatform
[2019.04.09-19.15.13:068][  0]LogTargetPlatformManager: Display: Building Assets For Windows
[2019.04.09-19.15.13:152][  0]LogXGEController: Cleaning working directory: C:/Users/AccuCities/AppData/Local/Temp/UnrealXGEWorkingDir/
[2019.04.09-19.15.13:152][  0]LogXGEController: Cannot use XGE Controller as Incredibuild is not installed on this machine.
[2019.04.09-19.15.13:152][  0]LogShaderCompilers: Cannot use XGE Shader Compiler as Incredibuild is not installed on this machine.
[2019.04.09-19.15.13:152][  0]LogShaderCompilers: Display: Using Local Shader Compiler.
[2019.04.09-19.15.13:797][  0]LogDerivedDataCache: Display: Max Cache Size: 512 MB
[2019.04.09-19.15.13:852][  0]LogDerivedDataCache: Loaded boot cache 0.05s 86MB C:/Users/AccuCities/AppData/Local/UnrealEngine/4.20/DerivedDataCache/Boot.ddc.
[2019.04.09-19.15.13:852][  0]LogDerivedDataCache: Display: Loaded Boot cache: C:/Users/AccuCities/AppData/Local/UnrealEngine/4.20/DerivedDataCache/Boot.ddc
[2019.04.09-19.15.13:852][  0]LogDerivedDataCache: FDerivedDataBackendGraph:  Pak pak cache file D:/Unreal/0_Backend/UE4ShadersAndEffects/DerivedDataCache/DDC.ddp not found, will not use a pak cache.
[2019.04.09-19.15.13:852][  0]LogDerivedDataCache: Unable to find inner node Pak for hierarchical cache Hierarchy.
[2019.04.09-19.15.13:852][  0]LogDerivedDataCache: FDerivedDataBackendGraph:  CompressedPak pak cache file D:/Unreal/0_Backend/UE4ShadersAndEffects/DerivedDataCache/Compressed.ddp not found, will not use a pak cache.
[2019.04.09-19.15.13:852][  0]LogDerivedDataCache: Unable to find inner node CompressedPak for hierarchical cache Hierarchy.
[2019.04.09-19.15.13:864][  0]LogDerivedDataCache: Display: Pak cache opened for reading ../../../Engine/DerivedDataCache/Compressed.ddp.
[2019.04.09-19.15.13:876][  0]LogDerivedDataCache: Using Local data cache path C:/Users/AccuCities/AppData/Local/UnrealEngine/Common/DerivedDataCache: Writable
[2019.04.09-19.15.13:876][  0]LogDerivedDataCache: Shared data cache path not found in *engine.ini, will not use an Shared cache.
[2019.04.09-19.15.13:876][  0]LogDerivedDataCache: Unable to find inner node Shared for hierarchical cache Hierarchy.
[2019.04.09-19.15.13:892][  0]LogMaterial: Verifying Global Shaders for PCD3D_SM5
[2019.04.09-19.15.13:893][  0]LogSlate: Using FreeType 2.6.0
[2019.04.09-19.15.13:893][  0]LogSlate: SlateFontServices - WITH_FREETYPE: 1, WITH_HARFBUZZ: 1
[2019.04.09-19.15.13:957][  0]LogAssetRegistry: FAssetRegistry took 0.0251 seconds to start up
[2019.04.09-19.15.14:208][  0]LogInit: Selected Device Profile: [Windows]
[2019.04.09-19.15.14:331][  0]LogSimplygon: Simplygon DLL not present - disabling.
[2019.04.09-19.15.14:335][  0]LogMeshReduction: Using SimplygonSwarm for distributed automatic mesh merging
[2019.04.09-19.15.14:335][  0]LogMeshReduction: Using ProxyLODMeshReduction for automatic mesh merging
[2019.04.09-19.15.14:335][  0]LogMeshReduction: Using QuadricMeshReduction for automatic static mesh reduction
[2019.04.09-19.15.14:335][  0]LogMeshReduction: No automatic skeletal mesh reduction module available
[2019.04.09-19.15.14:350][  0]LogNetVersion: UE4ShadersAndEffects 1.0.0, NetCL: 4212847, EngineNetVer: 5, GameNetVer: 0 (Checksum: 1158851346)
[2019.04.09-19.15.14:790][  0]LogPackageLocalizationCache: Processed 11 localized package path(s) for 2 prioritized culture(s) in 0.066323 seconds
[2019.04.09-19.15.14:795][  0]LogUObjectArray: 38425 objects as part of root set at end of initial load.
[2019.04.09-19.15.14:795][  0]LogUObjectAllocator: 6690872 out of 0 bytes used by permanent object pool.
[2019.04.09-19.15.14:795][  0]LogUObjectArray: CloseDisregardForGC: 0/0 objects in disregard for GC pool
[2019.04.09-19.15.15:530][  0]LogTcpMessaging: Initializing TcpMessaging bridge
[2019.04.09-19.15.15:543][  0]LogUdpMessaging: Initializing bridge on interface 0.0.0.0:0 to multicast group 230.0.0.1:6666.
[2019.04.09-19.15.15:702][  0]SourceControl: Source control is disabled
[2019.04.09-19.15.15:702][  0]SourceControl: Source control is disabled
[2019.04.09-19.15.15:703][  0]SourceControl: Source control is disabled
[2019.04.09-19.15.15:704][  0]SourceControl: Source control is disabled
[2019.04.09-19.15.15:858][  0]LogAndroidPermission: UAndroidPermissionCallbackProxy::GetInstance
[2019.04.09-19.15.15:920][  0]LogOcInput: OculusInput pre-init called
[2019.04.09-19.15.15:973][  0]LogEngine: Initializing Engine...
[2019.04.09-19.15.15:973][  0]LogHMD: Failed to initialize OpenVR with code 110
[2019.04.09-19.15.15:974][  0]LogStats: UGameplayTagsManager::ConstructGameplayTagTree: ImportINI prefixes -  0.000 s
[2019.04.09-19.15.15:974][  0]LogStats: UGameplayTagsManager::ConstructGameplayTagTree: Construct from data asset -  0.000 s
[2019.04.09-19.15.15:974][  0]LogStats: UGameplayTagsManager::ConstructGameplayTagTree: ImportINI -  0.000 s
[2019.04.09-19.15.15:974][  0]LogStats: UGameplayTagsManager::ConstructGameplayTagTree: GameplayTagTreeChangedEvent.Broadcast -  0.000 s
[2019.04.09-19.15.16:148][  0]LogInit: Initializing FReadOnlyCVARCache
[2019.04.09-19.15.16:161][  0]LogAIModule: Creating AISystem for world Untitled
[2019.04.09-19.15.16:170][  0]LogInit: XAudio2 using 'Speakers (Realtek High Definition Audio)' : 2 channels at 48 kHz using 32 bits per sample (channel mask 0x3)
[2019.04.09-19.15.16:213][  0]LogInit: FAudioDevice initialized.
[2019.04.09-19.15.16:214][  0]LogNetVersion: Set ProjectVersion to 1.0.0.0. Version Checksum will be recalculated on next use.
[2019.04.09-19.15.16:261][  0]LogDerivedDataCache: Saved boot cache 0.05s 86MB C:/Users/AccuCities/AppData/Local/UnrealEngine/4.20/DerivedDataCache/Boot.ddc.
[2019.04.09-19.15.16:280][  0]LogInit: Texture streaming: Enabled
[2019.04.09-19.15.16:297][  0]LogEngineSessionManager: EngineSessionManager initialized
[2019.04.09-19.15.16:317][  0]LogInit: Transaction tracking system initialized
[2019.04.09-19.15.16:340][  0]BlueprintLog: New page: Editor Load
[2019.04.09-19.15.16:413][  0]LocalizationService: Localization service is disabled
[2019.04.09-19.15.16:646][  0]LogCook: Display: Max memory allowance for cook 16384mb min free memory 0mb
[2019.04.09-19.15.16:646][  0]LogCook: Display: Mobile HDR setting 1
[2019.04.09-19.15.16:646][  0]LogGameplayTags: Display: UGameplayTagsManager::DoneAddingNativeTags. DelegateIsBound: 0
[2019.04.09-19.15.16:646][  0]LogStats: UGameplayTagsManager::ConstructGameplayTagTree: ImportINI prefixes -  0.000 s
[2019.04.09-19.15.16:646][  0]LogStats: UGameplayTagsManager::ConstructGameplayTagTree: Construct from data asset -  0.000 s
[2019.04.09-19.15.16:646][  0]LogStats: UGameplayTagsManager::ConstructGameplayTagTree: ImportINI -  0.000 s
[2019.04.09-19.15.16:646][  0]LogStats: UGameplayTagsManager::ConstructGameplayTagTree: GameplayTagTreeChangedEvent.Broadcast -  0.000 s
[2019.04.09-19.15.16:754][  0]LogFileCache: Scanning file cache for directory 'D:/Unreal/0_Backend/UE4ShadersAndEffects/Content/' took 0.02s
[2019.04.09-19.15.16:754][  0]SourceControl: Source control is disabled
[2019.04.09-19.15.16:754][  0]Cmd: MAP LOAD FILE="D:/Unreal/0_Backend/UE4ShadersAndEffects/Content/UE4ShadersAndEffects/Maps/Chapter01/StudioScene.umap" TEMPLATE=0 SHOWPROGRESS=1 FEATURELEVEL=3
[2019.04.09-19.15.16:755][  0]LightingResults: New page: Lighting Build
[2019.04.09-19.15.16:757][  0]MapCheck: New page: Map Check
[2019.04.09-19.15.16:757][  0]LightingResults: New page: Lighting Build
[2019.04.09-19.15.17:024][  0]LogAIModule: Creating AISystem for world StudioScene
[2019.04.09-19.15.17:035][  0]LogEditorServer: Finished looking for orphan Actors (0.000 secs)
[2019.04.09-19.15.17:078][  0]Cmd: MAP CHECKDEP NOCLEARLOG
[2019.04.09-19.15.17:129][  0]MapCheck: Map check complete: 0 Error(s), 0 Warning(s), took 50.911ms to complete.
[2019.04.09-19.15.17:129][  0]LogFileHelpers: Loading map 'StudioScene' took 0.375
[2019.04.09-19.15.17:242][  0]LogSlate: Updating window title bar state: overlay mode, drag disabled, window buttons hidden, title bar hidden
[2019.04.09-19.15.17:248][  0]LogSlate: Updating window title bar state: overlay mode, drag disabled, window buttons hidden, title bar hidden
[2019.04.09-19.15.17:253][  0]LogSlate: Updating window title bar state: overlay mode, drag disabled, window buttons hidden, title bar hidden
[2019.04.09-19.15.17:259][  0]LogSlate: Updating window title bar state: overlay mode, drag disabled, window buttons hidden, title bar hidden
[2019.04.09-19.15.17:321][  0]LogCollectionManager: Loaded 0 collections in 0.002164 seconds
[2019.04.09-19.15.17:354][  0]LogFileCache: Scanning file cache for directory 'D:/Unreal/0_Backend/UE4ShadersAndEffects/Saved/Collections/' took 0.01s
[2019.04.09-19.15.17:354][  0]LogFileCache: Scanning file cache for directory 'D:/Unreal/0_Backend/UE4ShadersAndEffects/Content/Developers/AccuCities/Collections/' took 0.01s
[2019.04.09-19.15.17:355][  0]LogFileCache: Scanning file cache for directory 'D:/Unreal/0_Backend/UE4ShadersAndEffects/Content/Collections/' took 0.00s
[2019.04.09-19.15.17:355][  0]LogCollectionManager: Rebuilt the GUID cache for 0 collections in 0.000000 seconds
[2019.04.09-19.15.17:362][  0]LogContentBrowser: Native class hierarchy populated in 0.0074 seconds. Added 2575 classes and 608 folders.
[2019.04.09-19.15.17:368][  0]LogContentBrowser: Native class hierarchy updated for 'WidgetCarousel' in 0.0002 seconds. Added 0 classes and 0 folders.
[2019.04.09-19.15.17:445][  0]LogContentBrowser: Native class hierarchy updated for 'AddContentDialog' in 0.0004 seconds. Added 0 classes and 0 folders.
[2019.04.09-19.15.17:452][  0]LogSlate: Took 0.000395 seconds to synchronously load lazily loaded font '../../../Engine/Content/Slate/Fonts/Roboto-Regular.ttf' (155K)
[2019.04.09-19.15.17:456][  0]LogSlate: Took 0.000361 seconds to synchronously load lazily loaded font '../../../Engine/Content/Slate/Fonts/Roboto-Bold.ttf' (160K)
[2019.04.09-19.15.17:526][  0]LogRenderer: Reallocating scene render targets to support 1128x924 Format 10 NumSamples 1 (Frame:1).
[2019.04.09-19.15.17:614][  0]LogContentBrowser: Native class hierarchy updated for 'HierarchicalLODOutliner' in 0.0002 seconds. Added 0 classes and 0 folders.
[2019.04.09-19.15.17:614][  0]LogLoad: (Engine Initialization) Total time: 8.24 seconds
[2019.04.09-19.15.17:614][  0]LogLoad: (Engine Initialization) Total Blueprint compile time: 0.00 seconds
[2019.04.09-19.15.17:648][  0]LogContentStreaming: Texture pool size now 1000 MB
[2019.04.09-19.15.17:681][  1]LogAssetRegistry: Asset discovery search completed in 3.7465 seconds
[2019.04.09-19.15.17:682][  1]LogCollectionManager: Rebuilt the object cache for 0 collections in 0.000000 seconds (found 0 objects)
[2019.04.09-19.15.17:682][  1]LogCollectionManager: Fixed up redirectors for 0 collections in 0.000050 seconds (updated 0 objects)
[2019.04.09-19.24.00:070][565]LogSlate: FSceneViewport::OnFocusLost() reason 0
[2019.04.09-19.24.00:169][565]LogSlate: Took 0.000247 seconds to synchronously load lazily loaded font '../../../Engine/Content/Editor/Slate/Fonts/FontAwesome.ttf' (139K)
[2019.04.09-19.24.00:186][565]LogSlate: Took 0.000185 seconds to synchronously load lazily loaded font '../../../Engine/Content/Slate/Fonts/Roboto-Light.ttf' (167K)
[2019.04.09-19.24.11:167][963]LogAIModule: Creating AISystem for world 09_02_PrecomputedAoMask_Start
[2019.04.09-19.24.11:687][ 21]LogSlate: Took 0.000188 seconds to synchronously load lazily loaded font '../../../Engine/Content/Slate/Fonts/Roboto-Light.ttf' (167K)
[2019.04.09-19.24.11:756][ 21]LogAIModule: Creating AISystem for world 09_04_QualitySwitch_End
[2019.04.09-19.24.11:763][ 21]LogAssetEditorManager: Opening Asset editor for World /Game/UE4ShadersAndEffects/Maps/Chapter09/09_04_QualitySwitch_End.09_04_QualitySwitch_End
[2019.04.09-19.24.11:793][ 21]Cmd: MAP LOAD FILE="D:/Unreal/0_Backend/UE4ShadersAndEffects/Content/UE4ShadersAndEffects/Maps/Chapter09/09_04_QualitySwitch_End.umap" TEMPLATE=0 SHOWPROGRESS=1 FEATURELEVEL=3
[2019.04.09-19.24.11:793][ 21]LightingResults: New page: Lighting Build
[2019.04.09-19.24.11:794][ 21]LoadErrors: New page: Loading map: 09_04_QualitySwitch_End.umap
[2019.04.09-19.24.11:795][ 21]MapCheck: New page: Map Check
[2019.04.09-19.24.11:795][ 21]LightingResults: New page: Lighting Build
[2019.04.09-19.24.11:931][ 21]LogEditorServer: Finished looking for orphan Actors (0.000 secs)
[2019.04.09-19.24.11:985][ 21]Cmd: MAP CHECKDEP NOCLEARLOG
[2019.04.09-19.24.12:040][ 21]MapCheck: Map check complete: 0 Error(s), 0 Warning(s), took 54.765ms to complete.
[2019.04.09-19.24.12:040][ 21]LogFileHelpers: Loading map '09_04_QualitySwitch_End' took 0.247
[2019.04.09-19.43.39:402][ 91]LogEditorViewport: Clicking on Actor (LMB): StaticMeshActor (SM_Walls_Corner)
[2019.04.09-19.43.41:139][289]LogSlate: FSceneViewport::OnFocusLost() reason 0
[2019.04.09-19.43.42:344][431]LogAssetEditorManager: Opening Asset editor for Material /Game/UE4ShadersAndEffects/Assets/Chapter09/09_04/M_Walls_QualitySwitch_End.M_Walls_QualitySwitch_End
[2019.04.09-19.43.42:347][431]LogMaterial: Display: Missing cached shader map for material M_Walls_QualitySwitch_End, compiling. 
[2019.04.09-19.43.42:798][431]LogMaterial: Display: Missing cached shader map for material M_Walls_QualitySwitch_End, compiling. 
[2019.04.09-19.43.42:830][431]LogMaterial: Display: Missing cached shader map for material M_Walls_QualitySwitch_End, compiling. 
[2019.04.09-19.43.42:885][431]LogShaderCompilers: Display: Shaders left to compile 92
[2019.04.09-19.43.42:885][431]LogShaderCompilers: Display: Shaders left to compile 91
[2019.04.09-19.43.42:885][431]LogShaderCompilers: Display: Shaders left to compile 90
[2019.04.09-19.43.42:885][431]LogShaderCompilers: Display: Shaders left to compile 89
[2019.04.09-19.43.42:885][431]LogShaderCompilers: Display: Shaders left to compile 88
[2019.04.09-19.43.42:885][431]LogShaderCompilers: Display: Shaders left to compile 87
[2019.04.09-19.43.42:885][431]LogShaderCompilers: Display: Shaders left to compile 86
[2019.04.09-19.43.42:885][431]LogShaderCompilers: Display: Shaders left to compile 85
[2019.04.09-19.43.42:885][431]LogShaderCompilers: Display: Shaders left to compile 84
[2019.04.09-19.43.42:885][431]LogShaderCompilers: Display: Shaders left to compile 83
[2019.04.09-19.43.42:885][431]LogShaderCompilers: Display: Shaders left to compile 82
[2019.04.09-19.43.42:885][431]LogShaderCompilers: Display: Shaders left to compile 81
[2019.04.09-19.43.42:912][431]LogMaterial: Display: Missing cached shader map for material FMatExpressionPreview MaterialExpressionTextureSample_1, compiling. 
[2019.04.09-19.43.42:923][431]LogMaterial: Display: Missing cached shader map for material FMatExpressionPreview MaterialExpressionTextureSample_5, compiling. 
[2019.04.09-19.43.42:934][431]LogMaterial: Display: Missing cached shader map for material FMatExpressionPreview MaterialExpressionTextureSample_0, compiling. 
[2019.04.09-19.43.42:939][431]LogMaterial: Display: Missing cached shader map for material FMatExpressionPreview MaterialExpressionTextureSample_6, compiling. 
[2019.04.09-19.43.42:942][431]LogMaterial: Display: Missing cached shader map for material FMatExpressionPreview MaterialExpressionConstant3Vector_1, compiling. 
[2019.04.09-19.43.42:946][431]LogMaterial: Display: Missing cached shader map for material FMatExpressionPreview MaterialExpressionConstant3Vector_0, compiling. 
[2019.04.09-19.43.42:979][431]LogSlate: Took 0.000165 seconds to synchronously load lazily loaded font '../../../Engine/Content/Slate/Fonts/Roboto-BoldCondensed.ttf' (158K)
[2019.04.09-19.43.43:104][432]LogStaticMesh: Allocated 480x64x64 distance field atlas = 3.8Mb, with 36 objects containing 2.8Mb backing data
[2019.04.09-19.43.43:640][496]LogShaderCompilers: Display: Shaders left to compile 92
[2019.04.09-19.43.43:656][498]LogShaderCompilers: Display: Shaders left to compile 91
[2019.04.09-19.43.43:683][501]LogShaderCompilers: Display: Shaders left to compile 90
[2019.04.09-19.43.43:683][501]LogShaderCompilers: Display: Shaders left to compile 89
[2019.04.09-19.43.43:683][501]LogShaderCompilers: Display: Shaders left to compile 88
[2019.04.09-19.43.43:683][501]LogShaderCompilers: Display: Shaders left to compile 87
[2019.04.09-19.43.43:710][504]LogShaderCompilers: Display: Shaders left to compile 86
[2019.04.09-19.43.43:710][504]LogShaderCompilers: Display: Shaders left to compile 85
[2019.04.09-19.43.43:716][505]LogShaderCompilers: Display: Shaders left to compile 84
[2019.04.09-19.43.43:716][505]LogShaderCompilers: Display: Shaders left to compile 83
[2019.04.09-19.43.43:792][514]LogShaderCompilers: Display: Shaders left to compile 82
[2019.04.09-19.43.43:833][519]LogShaderCompilers: Display: Shaders left to compile 81
[2019.04.09-19.43.43:840][520]LogShaderCompilers: Display: Shaders left to compile 80
[2019.04.09-19.43.43:840][520]LogShaderCompilers: Display: Shaders left to compile 79
[2019.04.09-19.43.43:858][522]LogShaderCompilers: Display: Shaders left to compile 78
[2019.04.09-19.43.43:866][523]LogShaderCompilers: Display: Shaders left to compile 77
[2019.04.09-19.43.43:866][523]LogShaderCompilers: Display: Shaders left to compile 76
[2019.04.09-19.43.43:875][524]LogShaderCompilers: Display: Shaders left to compile 75
[2019.04.09-19.43.43:883][525]LogShaderCompilers: Display: Shaders left to compile 74
[2019.04.09-19.43.43:944][532]LogShaderCompilers: Display: Shaders left to compile 73
[2019.04.09-19.43.43:979][536]LogShaderCompilers: Display: Shaders left to compile 72
[2019.04.09-19.43.43:986][536]LogShaderCompilers: Display: Shaders left to compile 71
[2019.04.09-19.43.44:016][539]LogShaderCompilers: Display: Shaders left to compile 70
[2019.04.09-19.43.44:024][540]LogShaderCompilers: Display: Shaders left to compile 69
[2019.04.09-19.43.44:024][540]LogShaderCompilers: Display: Shaders left to compile 68
[2019.04.09-19.43.44:032][541]LogShaderCompilers: Display: Shaders left to compile 67
[2019.04.09-19.43.44:032][541]LogShaderCompilers: Display: Shaders left to compile 66
[2019.04.09-19.43.44:049][543]LogShaderCompilers: Display: Shaders left to compile 65
[2019.04.09-19.43.44:075][546]LogShaderCompilers: Display: Shaders left to compile 64
[2019.04.09-19.43.44:126][552]LogShaderCompilers: Display: Shaders left to compile 63
[2019.04.09-19.43.44:135][553]LogShaderCompilers: Display: Shaders left to compile 62
[2019.04.09-19.43.44:172][557]LogShaderCompilers: Display: Shaders left to compile 61
[2019.04.09-19.43.44:180][557]LogShaderCompilers: Display: Shaders left to compile 60
[2019.04.09-19.43.44:190][558]LogShaderCompilers: Display: Shaders left to compile 59
[2019.04.09-19.43.44:199][559]LogShaderCompilers: Display: Shaders left to compile 58
[2019.04.09-19.43.44:209][560]LogShaderCompilers: Display: Shaders left to compile 57
[2019.04.09-19.43.44:211][560]LogShaderCompilers: Display: Shaders left to compile 56
[2019.04.09-19.43.44:231][562]LogShaderCompilers: Display: Shaders left to compile 55
[2019.04.09-19.43.44:251][564]LogShaderCompilers: Display: Shaders left to compile 54
[2019.04.09-19.43.44:280][567]LogShaderCompilers: Display: Shaders left to compile 53
[2019.04.09-19.43.44:303][569]LogShaderCompilers: Display: Shaders left to compile 52
[2019.04.09-19.43.44:344][573]LogShaderCompilers: Display: Shaders left to compile 51
[2019.04.09-19.43.44:344][573]LogShaderCompilers: Display: Shaders left to compile 50
[2019.04.09-19.43.44:353][574]LogShaderCompilers: Display: Shaders left to compile 49
[2019.04.09-19.43.44:373][576]LogShaderCompilers: Display: Shaders left to compile 48
[2019.04.09-19.43.44:374][577]LogShaderCompilers: Display: Shaders left to compile 47
[2019.04.09-19.43.44:382][577]LogShaderCompilers: Display: Shaders left to compile 46
[2019.04.09-19.43.44:392][578]LogShaderCompilers: Display: Shaders left to compile 45
[2019.04.09-19.43.44:424][581]LogShaderCompilers: Display: Shaders left to compile 44
[2019.04.09-19.43.44:483][582]LogShaderCompilers: Display: Shaders left to compile 43
[2019.04.09-19.43.44:483][582]LogShaderCompilers: Display: Shaders left to compile 42
[2019.04.09-19.43.44:494][583]LogShaderCompilers: Display: Shaders left to compile 41
[2019.04.09-19.43.44:510][586]LogShaderCompilers: Display: Shaders left to compile 40
[2019.04.09-19.43.44:527][588]LogShaderCompilers: Display: Shaders left to compile 39
[2019.04.09-19.43.44:535][589]LogShaderCompilers: Display: Shaders left to compile 38
[2019.04.09-19.43.44:567][593]LogShaderCompilers: Display: Shaders left to compile 37
[2019.04.09-19.43.44:617][596]LogShaderCompilers: Display: Shaders left to compile 36
[2019.04.09-19.43.44:650][597]LogShaderCompilers: Display: Shaders left to compile 35
[2019.04.09-19.43.44:656][597]LogSlate: Took 0.000356 seconds to synchronously load lazily loaded font '../../../Engine/Content/Slate/Fonts/Roboto-Italic.ttf' (157K)
[2019.04.09-19.43.44:684][600]LogShaderCompilers: Display: Shaders left to compile 34
[2019.04.09-19.43.44:717][604]LogShaderCompilers: Display: Shaders left to compile 33
[2019.04.09-19.43.44:743][607]LogShaderCompilers: Display: Shaders left to compile 32
[2019.04.09-19.43.44:751][608]LogShaderCompilers: Display: Shaders left to compile 31
[2019.04.09-19.43.44:751][608]LogShaderCompilers: Display: Shaders left to compile 30
[2019.04.09-19.43.44:810][615]LogShaderCompilers: Display: Shaders left to compile 29
[2019.04.09-19.43.44:862][621]LogShaderCompilers: Display: Shaders left to compile 28
[2019.04.09-19.43.44:863][621]LogSlate: Window 'M_Walls_QualitySwitch_End' being destroyed
[2019.04.09-19.43.44:884][623]LogShaderCompilers: Display: Shaders left to compile 27
[2019.04.09-19.43.44:892][624]LogShaderCompilers: Display: Shaders left to compile 26
[2019.04.09-19.43.44:901][625]LogShaderCompilers: Display: Shaders left to compile 25
[2019.04.09-19.43.44:938][629]LogShaderCompilers: Display: Shaders left to compile 24
[2019.04.09-19.43.44:965][632]LogShaderCompilers: Display: Shaders left to compile 23
[2019.04.09-19.43.44:983][634]LogShaderCompilers: Display: Shaders left to compile 22
[2019.04.09-19.43.45:000][636]LogShaderCompilers: Display: Shaders left to compile 21
[2019.04.09-19.43.45:067][643]LogShaderCompilers: Display: Shaders left to compile 20
[2019.04.09-19.43.45:094][646]LogShaderCompilers: Display: Shaders left to compile 19
[2019.04.09-19.43.45:130][650]LogShaderCompilers: Display: Shaders left to compile 18
[2019.04.09-19.43.45:130][650]LogShaderCompilers: Display: Shaders left to compile 17
[2019.04.09-19.43.45:139][651]LogShaderCompilers: Display: Shaders left to compile 16
[2019.04.09-19.43.45:174][655]LogShaderCompilers: Display: Shaders left to compile 15
[2019.04.09-19.43.45:247][663]LogShaderCompilers: Display: Shaders left to compile 14
[2019.04.09-19.43.45:257][664]LogShaderCompilers: Display: Shaders left to compile 13
[2019.04.09-19.43.45:275][666]LogShaderCompilers: Display: Shaders left to compile 12
[2019.04.09-19.43.45:293][668]LogShaderCompilers: Display: Shaders left to compile 11
[2019.04.09-19.43.45:337][673]LogShaderCompilers: Display: Shaders left to compile 10
[2019.04.09-19.43.45:364][676]LogShaderCompilers: Display: Shaders left to compile 9
[2019.04.09-19.43.45:391][679]LogShaderCompilers: Display: Shaders left to compile 8
[2019.04.09-19.43.45:400][680]LogShaderCompilers: Display: Shaders left to compile 7
[2019.04.09-19.43.45:410][681]LogShaderCompilers: Display: Shaders left to compile 6
[2019.04.09-19.43.45:467][687]LogShaderCompilers: Display: Shaders left to compile 5
[2019.04.09-19.43.45:485][689]LogShaderCompilers: Display: Shaders left to compile 4
[2019.04.09-19.43.45:485][689]LogShaderCompilers: Display: Shaders left to compile 3
[2019.04.09-19.43.45:502][691]LogShaderCompilers: Display: Shaders left to compile 2
[2019.04.09-19.43.45:551][696]LogShaderCompilers: Display: Shaders left to compile 1
[2019.04.09-19.43.45:720][713]MaterialEditorStats: Base pass shader: 111 instructions
[2019.04.09-19.43.45:720][713]MaterialEditorStats: Base pass shader with Surface Lightmap: 130 instructions
[2019.04.09-19.43.45:720][713]MaterialEditorStats: Base pass shader with Volumetric Lightmap: 187 instructions
[2019.04.09-19.43.45:720][713]MaterialEditorStats: Base pass vertex shader: 33 instructions
[2019.04.09-19.43.45:720][713]MaterialEditorStats: Texture samplers: 6/16
[2019.04.09-19.43.45:720][713]MaterialEditorStats: Texture Lookups (Est.): VS(1), PS(3)
[2019.04.09-19.43.45:720][713]MaterialEditorStats: User interpolators: 2/4 Scalars (1/4 Vectors) (TexCoords: 2, Custom: 0)
[2019.04.09-20.02.55:526][940]LogEditorViewport: Clicking on Actor (LMB): StaticMeshActor (SM_Walls_Corner)
[2019.04.09-20.02.56:747][ 85]LogSlate: FSceneViewport::OnFocusLost() reason 0
[2019.04.09-20.03.03:916][944]LogWindows: LaunchURL http://docs.unrealengine.com/latest/INT/Engine/Rendering/Materials/ExpressionReference/Utility/index.html?utm_source=editor&utm_medium=docs&utm_campaign=rich_tooltips#featurelevelswitch
[2019.04.09-20.12.44:422][575]LogSlate: Window 'UE4ShadersAndEffects - Unreal Editor' being destroyed
[2019.04.09-20.12.44:590][576]Cmd: QUIT_EDITOR
[2019.04.09-20.12.44:615][576]LogWindowsTextInputMethodSystem: Display: IME system now deactivated.
[2019.04.09-20.12.44:624][576]LogExit: Preparing to exit.
[2019.04.09-20.12.45:341][576]LogExit: Editor shut down
[2019.04.09-20.12.45:342][576]LogExit: Transaction tracking system shut down
[2019.04.09-20.12.45:761][576]LogExit: Object subsystem successfully closed.
[2019.04.09-20.12.45:800][576]LogShaderCompilers: Display: Shaders left to compile 0
[2019.04.09-20.12.45:801][576]LogD3D11RHI: Shutdown
[2019.04.09-20.12.45:801][576]LogD3D11RHI: CleanupD3DDevice
[2019.04.09-20.12.45:804][576]LogD3D11RHI: ~FD3D11DynamicRHI
[2019.04.09-20.12.45:829][576]LogModuleManager: Shutting down and abandoning module HierarchicalLODOutliner (612)
[2019.04.09-20.12.45:829][576]LogModuleManager: Shutting down and abandoning module AddContentDialog (610)
[2019.04.09-20.12.45:829][576]LogModuleManager: Shutting down and abandoning module WidgetCarousel (609)
[2019.04.09-20.12.45:829][576]LogModuleManager: Shutting down and abandoning module EditorWidgets (606)
[2019.04.09-20.12.45:829][576]LogModuleManager: Shutting down and abandoning module CollectionManager (604)
[2019.04.09-20.12.45:830][576]LogModuleManager: Shutting down and abandoning module WorldBrowser (602)
[2019.04.09-20.12.45:830][576]LogModuleManager: Shutting down and abandoning module SceneOutliner (600)
[2019.04.09-20.12.45:830][576]LogModuleManager: Shutting down and abandoning module StatsViewer (598)
[2019.04.09-20.12.45:830][576]LogModuleManager: Shutting down and abandoning module FoliageEdit (596)
[2019.04.09-20.12.45:830][576]LogModuleManager: Shutting down and abandoning module LandscapeEditor (594)
[2019.04.09-20.12.45:830][576]LogModuleManager: Shutting down and abandoning module MeshPaintMode (592)
[2019.04.09-20.12.45:830][576]LogModuleManager: Shutting down and abandoning module SceneDepthPickerMode (590)
[2019.04.09-20.12.45:830][576]LogModuleManager: Shutting down and abandoning module ActorPickerMode (588)
[2019.04.09-20.12.45:830][576]LogModuleManager: Shutting down and abandoning module GeometryMode (586)
[2019.04.09-20.12.45:830][576]LogModuleManager: Shutting down and abandoning module TextureAlignMode (584)
[2019.04.09-20.12.45:830][576]LogModuleManager: Shutting down and abandoning module BspMode (582)
[2019.04.09-20.12.45:830][576]LogModuleManager: Shutting down and abandoning module PIEPreviewDeviceProfileSelector (580)
[2019.04.09-20.12.45:830][576]LogModuleManager: Shutting down and abandoning module SequenceRecorderSections (578)
[2019.04.09-20.12.45:830][576]LogModuleManager: Shutting down and abandoning module AutomationWorker (576)
[2019.04.09-20.12.45:830][576]LogModuleManager: Shutting down and abandoning module AudioCaptureEditor (574)
[2019.04.09-20.12.45:830][576]LogModuleManager: Shutting down and abandoning module SequenceRecorder (573)
[2019.04.09-20.12.45:830][576]LogModuleManager: Shutting down and abandoning module MatineeToLevelSequence (570)
[2019.04.09-20.12.45:830][576]LogModuleManager: Shutting down and abandoning module LevelSequenceEditor (568)
[2019.04.09-20.12.45:830][576]LogModuleManager: Shutting down and abandoning module PlacementMode (567)
[2019.04.09-20.12.45:830][576]LogModuleManager: Shutting down and abandoning module MaterialEditor (566)
[2019.04.09-20.12.45:830][576]LogModuleManager: Shutting down and abandoning module WmfMediaFactory (562)
[2019.04.09-20.12.45:830][576]LogModuleManager: Shutting down and abandoning module WmfMediaEditor (560)
[2019.04.09-20.12.45:830][576]LogModuleManager: Shutting down and abandoning module MediaPlayerEditor (558)
[2019.04.09-20.12.45:830][576]LogModuleManager: Shutting down and abandoning module OpenExrWrapper (556)
[2019.04.09-20.12.45:830][576]LogModuleManager: Shutting down and abandoning module ImgMediaFactory (554)
[2019.04.09-20.12.45:830][576]LogModuleManager: Shutting down and abandoning module ImgMediaEditor (552)
[2019.04.09-20.12.45:830][576]LogModuleManager: Shutting down and abandoning module AvfMediaFactory (550)
[2019.04.09-20.12.45:830][576]LogModuleManager: Shutting down and abandoning module AvfMediaEditor (548)
[2019.04.09-20.12.45:830][576]LogModuleManager: Shutting down and abandoning module AndroidMediaFactory (546)
[2019.04.09-20.12.45:830][576]LogModuleManager: Shutting down and abandoning module AndroidMediaEditor (544)
[2019.04.09-20.12.45:831][576]LogModuleManager: Shutting down and abandoning module MagicLeapCameraPreviewFactory (542)
[2019.04.09-20.12.45:831][576]LogModuleManager: Shutting down and abandoning module MagicLeapMediaFactory (540)
[2019.04.09-20.12.45:831][576]LogModuleManager: Shutting down and abandoning module MagicLeapMediaEditor (538)
[2019.04.09-20.12.45:831][576]LogModuleManager: Shutting down and abandoning module CharacterAI (536)
[2019.04.09-20.12.45:831][576]LogModuleManager: Shutting down and abandoning module SmartSnapping (534)
[2019.04.09-20.12.45:831][576]LogModuleManager: Shutting down and abandoning module SessionServices (532)
[2019.04.09-20.12.45:831][576]LogModuleManager: Shutting down and abandoning module ViewportSnapping (530)
[2019.04.09-20.12.45:831][576]LogModuleManager: Shutting down and abandoning module ViewportInteraction (528)
[2019.04.09-20.12.45:831][576]LogModuleManager: Shutting down and abandoning module ClothPainter (526)
[2019.04.09-20.12.45:831][576]LogModuleManager: Shutting down and abandoning module SkeletalMeshEditor (525)
[2019.04.09-20.12.45:831][576]LogModuleManager: Shutting down and abandoning module LogVisualizer (522)
[2019.04.09-20.12.45:831][576]LogModuleManager: Shutting down and abandoning module IntroTutorials (520)
[2019.04.09-20.12.45:831][576]LogModuleManager: Shutting down and abandoning module GameProjectGeneration (519)
[2019.04.09-20.12.45:831][576]LogModuleManager: Shutting down and abandoning module LuminPlatformEditor (516)
[2019.04.09-20.12.45:831][576]LogModuleManager: Shutting down and abandoning module IOSPlatformEditor (514)
[2019.04.09-20.12.45:831][576]LogModuleManager: Shutting down and abandoning module HTML5PlatformEditor (512)
[2019.04.09-20.12.45:831][576]LogModuleManager: Shutting down and abandoning module AndroidPlatformEditor (510)
[2019.04.09-20.12.45:831][576]LogModuleManager: Shutting down and abandoning module AndroidDeviceDetection (509)
[2019.04.09-20.12.46:275][576]LogModuleManager: Shutting down and abandoning module WindowsPlatformEditor (506)
[2019.04.09-20.12.46:276][576]LogModuleManager: Shutting down and abandoning module LuminRuntimeSettings (504)
[2019.04.09-20.12.46:276][576]LogModuleManager: Shutting down and abandoning module IOSRuntimeSettings (502)
[2019.04.09-20.12.46:276][576]LogModuleManager: Shutting down and abandoning module AndroidRuntimeSettings (500)
[2019.04.09-20.12.46:276][576]LogModuleManager: Shutting down and abandoning module InputBindingEditor (498)
[2019.04.09-20.12.46:276][576]LogModuleManager: Shutting down and abandoning module MergeActors (496)
[2019.04.09-20.12.46:276][576]LogModuleManager: Shutting down and abandoning module LocalizationDashboard (494)
[2019.04.09-20.12.46:276][576]LogModuleManager: Shutting down and abandoning module LocalizationService (493)
[2019.04.09-20.12.46:276][576]LogModuleManager: Shutting down and abandoning module HardwareTargeting (490)
[2019.04.09-20.12.46:276][576]LogModuleManager: Shutting down and abandoning module DeviceProfileEditor (488)
[2019.04.09-20.12.46:276][576]LogModuleManager: Shutting down and abandoning module UndoHistory (486)
[2019.04.09-20.12.46:276][576]LogModuleManager: Shutting down and abandoning module XmlParser (484)
[2019.04.09-20.12.46:276][576]LogModuleManager: Shutting down and abandoning module Blutility (482)
[2019.04.09-20.12.46:276][576]LogModuleManager: Shutting down and abandoning module ProjectSettingsViewer (480)
[2019.04.09-20.12.46:276][576]LogModuleManager: Shutting down and abandoning module ProjectTargetPlatformEditor (479)
[2019.04.09-20.12.46:277][576]LogModuleManager: Shutting down and abandoning module EditorSettingsViewer (476)
[2019.04.09-20.12.46:277][576]LogModuleManager: Shutting down and abandoning module SettingsEditor (474)
[2019.04.09-20.12.46:277][576]LogModuleManager: Shutting down and abandoning module ProjectLauncher (472)
[2019.04.09-20.12.46:277][576]LogModuleManager: Shutting down and abandoning module SessionFrontend (470)
[2019.04.09-20.12.46:277][576]LogModuleManager: Shutting down and abandoning module ProfilerClient (468)
[2019.04.09-20.12.46:277][576]LogModuleManager: Shutting down and abandoning module DeviceManager (466)
[2019.04.09-20.12.46:277][576]LogModuleManager: Shutting down and abandoning module TargetDeviceServices (465)
[2019.04.09-20.12.46:332][576]LogModuleManager: Shutting down and abandoning module AutomationController (462)
[2019.04.09-20.12.46:332][576]LogModuleManager: Shutting down and abandoning module AutomationWindow (460)
[2019.04.09-20.12.46:332][576]LogModuleManager: Shutting down and abandoning module Layers (458)
[2019.04.09-20.12.46:332][576]LogModuleManager: Shutting down and abandoning module ComponentVisualizers (456)
[2019.04.09-20.12.46:332][576]LogModuleManager: Shutting down and abandoning module DetailCustomizations (454)
[2019.04.09-20.12.46:332][576]LogModuleManager: Shutting down and abandoning module PackagesDialog (452)
[2019.04.09-20.12.46:332][576]LogModuleManager: Shutting down and abandoning module Persona (450)
[2019.04.09-20.12.46:332][576]LogModuleManager: Shutting down and abandoning module AdvancedPreviewScene (449)
[2019.04.09-20.12.46:332][576]LogModuleManager: Shutting down and abandoning module AnimGraph (447)
[2019.04.09-20.12.46:332][576]LogModuleManager: Shutting down and abandoning module Kismet (444)
[2019.04.09-20.12.46:333][576]LogModuleManager: Shutting down and abandoning module GraphEditor (442)
[2019.04.09-20.12.46:333][576]LogModuleManager: Shutting down and abandoning module ClassViewer (440)
[2019.04.09-20.12.46:333][576]LogModuleManager: Shutting down and abandoning module Toolbox (438)
[2019.04.09-20.12.46:333][576]LogModuleManager: Shutting down and abandoning module ModuleUI (436)
[2019.04.09-20.12.46:333][576]LogModuleManager: Shutting down and abandoning module MovieSceneTools (434)
[2019.04.09-20.12.46:333][576]LogModuleManager: Shutting down and abandoning module OutputLog (432)
[2019.04.09-20.12.46:333][576]LogModuleManager: Shutting down and abandoning module GammaUI (430)
[2019.04.09-20.12.46:333][576]LogModuleManager: Shutting down and abandoning module Documentation (428)
[2019.04.09-20.12.46:333][576]LogModuleManager: Shutting down and abandoning module MovieSceneTracks (426)
[2019.04.09-20.12.46:333][576]LogModuleManager: Shutting down and abandoning module MovieScene (424)
[2019.04.09-20.12.46:333][576]LogModuleManager: Shutting down and abandoning module StreamingPauseRendering (422)
[2019.04.09-20.12.46:333][576]LogModuleManager: Shutting down and abandoning module LauncherPlatform (420)
[2019.04.09-20.12.46:333][576]LogModuleManager: Shutting down and abandoning module AnalyticsET (418)
[2019.04.09-20.12.46:333][576]LogModuleManager: Shutting down and abandoning module PortalServices (416)
[2019.04.09-20.12.46:334][576]LogModuleManager: Shutting down and abandoning module PortalRpc (414)
[2019.04.09-20.12.46:334][576]LogModuleManager: Shutting down and abandoning module MessagingRpc (412)
[2019.04.09-20.12.46:334][576]LogModuleManager: Shutting down and abandoning module AIModule (410)
[2019.04.09-20.12.46:334][576]LogModuleManager: Shutting down and abandoning module GameplayDebugger (409)
[2019.04.09-20.12.46:334][576]LogModuleManager: Shutting down and abandoning module AITestSuite (407)
[2019.04.09-20.12.46:334][576]LogModuleManager: Shutting down and abandoning module NavigationSystem (405)
[2019.04.09-20.12.46:334][576]LogModuleManager: Shutting down and abandoning module DesktopPlatform (402)
[2019.04.09-20.12.46:334][576]LogModuleManager: Shutting down and abandoning module ProfilerService (400)
[2019.04.09-20.12.46:423][576]LogModuleManager: Shutting down and abandoning module TaskGraph (398)
[2019.04.09-20.12.46:424][576]LogModuleManager: Shutting down and abandoning module SteamVRController (396)
[2019.04.09-20.12.46:424][576]LogModuleManager: Shutting down and abandoning module ProceduralMeshComponentEditor (394)
[2019.04.09-20.12.46:424][576]LogModuleManager: Shutting down and abandoning module ProceduralMeshComponent (392)
[2019.04.09-20.12.46:424][576]LogModuleManager: Shutting down and abandoning module OculusInput (390)
[2019.04.09-20.12.46:424][576]LogModuleManager: Shutting down and abandoning module MobilePatchingUtils (388)
[2019.04.09-20.12.46:424][576]LogModuleManager: Shutting down and abandoning module EditableMesh (386)
[2019.04.09-20.12.46:424][576]LogModuleManager: Shutting down and abandoning module CustomMeshComponent (384)
[2019.04.09-20.12.46:424][576]LogModuleManager: Shutting down and abandoning module CableComponent (382)
[2019.04.09-20.12.46:424][576]LogModuleManager: Shutting down and abandoning module AudioCapture (380)
[2019.04.09-20.12.46:424][576]LogModuleManager: Shutting down and abandoning module ArchVisCharacter (378)
[2019.04.09-20.12.46:424][576]LogModuleManager: Shutting down and abandoning module AndroidPermission (376)
[2019.04.09-20.12.46:424][576]LogModuleManager: Shutting down and abandoning module NUTUnrealEngine4 (374)
[2019.04.09-20.12.46:424][576]LogModuleManager: Shutting down and abandoning module NetcodeUnitTest (372)
[2019.04.09-20.12.46:424][576]LogModuleManager: Shutting down and abandoning module MediaCompositingEditor (370)
[2019.04.09-20.12.46:424][576]LogModuleManager: Shutting down and abandoning module MediaCompositing (368)
[2019.04.09-20.12.46:424][576]LogModuleManager: Shutting down and abandoning module LinearTimecode (366)
[2019.04.09-20.12.46:424][576]LogModuleManager: Shutting down and abandoning module ImgMedia (364)
[2019.04.09-20.12.46:431][576]LogModuleManager: Shutting down and abandoning module HTML5Networking (362)
[2019.04.09-20.12.46:431][576]LogModuleManager: Shutting down and abandoning module GeometryCacheTracks (360)
[2019.04.09-20.12.46:431][576]LogModuleManager: Shutting down and abandoning module GeometryCacheSequencer (358)
[2019.04.09-20.12.46:431][576]LogModuleManager: Shutting down and abandoning module BackChannel (356)
[2019.04.09-20.12.46:431][576]LogModuleManager: Shutting down and abandoning module AppleVision (354)
[2019.04.09-20.12.46:431][576]LogModuleManager: Shutting down and abandoning module AppleImageUtils (352)
[2019.04.09-20.12.46:431][576]LogModuleManager: Shutting down and abandoning module AlembicImporter (350)
[2019.04.09-20.12.46:431][576]LogModuleManager: Shutting down and abandoning module AlembicLibrary (349)
[2019.04.09-20.12.46:431][576]LogModuleManager: Shutting down and abandoning module GeometryCache (348)
[2019.04.09-20.12.46:431][576]LogModuleManager: Shutting down and abandoning module GeometryCacheEd (347)
[2019.04.09-20.12.46:431][576]LogModuleManager: Shutting down and abandoning module DatasmithContentEditor (342)
[2019.04.09-20.12.46:431][576]LogModuleManager: Shutting down and abandoning module DatasmithContent (340)
[2019.04.09-20.12.46:432][576]LogModuleManager: Shutting down and abandoning module SpeedTreeImporter (338)
[2019.04.09-20.12.46:432][576]LogModuleManager: Shutting down and abandoning module PluginBrowser (336)
[2019.04.09-20.12.46:432][576]LogModuleManager: Shutting down and abandoning module MobileLauncherProfileWizard (334)
[2019.04.09-20.12.46:432][576]LogModuleManager: Shutting down and abandoning module PolygonModeling (332)
[2019.04.09-20.12.46:432][576]LogModuleManager: Shutting down and abandoning module MeshEditor (330)
[2019.04.09-20.12.46:432][576]LogModuleManager: Shutting down and abandoning module CryptoKeysOpenSSL (328)
[2019.04.09-20.12.46:432][576]LogModuleManager: Shutting down and abandoning module CryptoKeys (326)
[2019.04.09-20.12.46:432][576]LogModuleManager: Shutting down and abandoning module VisualStudioSourceCodeAccess (324)
[2019.04.09-20.12.46:432][576]LogModuleManager: Shutting down and abandoning module VisualStudioCodeSourceCodeAccess (322)
[2019.04.09-20.12.46:432][576]LogModuleManager: Shutting down and abandoning module UObjectPlugin (320)
[2019.04.09-20.12.46:433][576]LogModuleManager: Shutting down and abandoning module SubversionSourceControl (318)
[2019.04.09-20.12.46:433][576]LogModuleManager: Shutting down and abandoning module PerforceSourceControl (316)
[2019.04.09-20.12.46:433][576]LogModuleManager: Shutting down and abandoning module GitSourceControl (314)
[2019.04.09-20.12.46:433][576]LogModuleManager: Shutting down and abandoning module SourceControl (313)
[2019.04.09-20.12.46:433][576]LogModuleManager: Shutting down and abandoning module CLionSourceCodeAccess (310)
[2019.04.09-20.12.46:433][576]LogModuleManager: Shutting down and abandoning module LightPropagationVolumeEditor (308)
[2019.04.09-20.12.46:433][576]LogModuleManager: Shutting down and abandoning module PaperTiledImporter (306)
[2019.04.09-20.12.46:433][576]LogModuleManager: Shutting down and abandoning module PaperSpriteSheetImporter (304)
[2019.04.09-20.12.46:433][576]LogModuleManager: Shutting down and abandoning module Paper2DEditor (302)
[2019.04.09-20.12.46:433][576]LogModuleManager: Shutting down and abandoning module MeshPaint (301)
[2019.04.09-20.12.46:433][576]LogModuleManager: Shutting down and abandoning module RuntimePhysXCooking (298)
[2019.04.09-20.12.46:433][576]LogModuleManager: Shutting down and abandoning module PhysXVehiclesEditor (296)
[2019.04.09-20.12.46:433][576]LogModuleManager: Shutting down and abandoning module PhysXVehicles (294)
[2019.04.09-20.12.46:433][576]LogModuleManager: Shutting down and abandoning module OculusEditor (292)
[2019.04.09-20.12.46:433][576]LogModuleManager: Shutting down and abandoning module LocationServicesBPLibrary (290)
[2019.04.09-20.12.46:434][576]LogModuleManager: Shutting down and abandoning module ImmediatePhysicsEditor (288)
[2019.04.09-20.12.46:434][576]LogModuleManager: Shutting down and abandoning module ImmediatePhysics (286)
[2019.04.09-20.12.46:434][576]LogModuleManager: Shutting down and abandoning module ActorSequence (284)
[2019.04.09-20.12.46:434][576]LogModuleManager: Shutting down and abandoning module UdpMessaging (282)
[2019.04.09-20.12.46:535][576]LogModuleManager: Shutting down and abandoning module TcpMessaging (280)
[2019.04.09-20.12.46:635][576]LogModuleManager: Shutting down and abandoning module MagicLeapAudio (278)
[2019.04.09-20.12.46:635][576]LogModuleManager: Shutting down and abandoning module GameplayTagsEditor (276)
[2019.04.09-20.12.46:635][576]LogModuleManager: Shutting down and abandoning module FacialAnimationEditor (274)
[2019.04.09-20.12.46:635][576]LogModuleManager: Shutting down and abandoning module FacialAnimation (272)
[2019.04.09-20.12.46:635][576]LogModuleManager: Shutting down and abandoning module DataValidation (270)
[2019.04.09-20.12.46:635][576]LogModuleManager: Shutting down and abandoning module AssetManagerEditor (268)
[2019.04.09-20.12.46:635][576]LogModuleManager: Shutting down and abandoning module LevelEditor (267)
[2019.04.09-20.12.46:637][576]LogModuleManager: Shutting down and abandoning module PixelInspectorModule (266)
[2019.04.09-20.12.46:637][576]LogModuleManager: Shutting down and abandoning module CommonMenuExtensions (264)
[2019.04.09-20.12.46:637][576]LogModuleManager: Shutting down and abandoning module MainFrame (262)
[2019.04.09-20.12.46:637][576]LogModuleManager: Shutting down and abandoning module HotReload (261)
[2019.04.09-20.12.46:638][576]LogModuleManager: Shutting down and abandoning module ContentBrowser (257)
[2019.04.09-20.12.46:640][576]LogModuleManager: Shutting down and abandoning module TreeMap (255)
[2019.04.09-20.12.46:640][576]LogModuleManager: Shutting down and abandoning module LightPropagationVolumeRuntime (252)
[2019.04.09-20.12.46:640][576]LogModuleManager: Shutting down and abandoning module AISupportModule (250)
[2019.04.09-20.12.46:640][576]LogModuleManager: Shutting down and abandoning module Paper2D (248)
[2019.04.09-20.12.46:640][576]LogModuleManager: Shutting down and abandoning module WindowsMoviePlayer (246)
[2019.04.09-20.12.46:640][576]LogModuleManager: Shutting down and abandoning module WmfMedia (244)
[2019.04.09-20.12.46:643][576]LogModuleManager: Shutting down and abandoning module Media (243)
[2019.04.09-20.12.46:649][576]LogModuleManager: Shutting down and abandoning module PacketHandler (240)
[2019.04.09-20.12.46:649][576]LogModuleManager: Shutting down and abandoning module ClothingSystemEditor (238)
[2019.04.09-20.12.46:650][576]LogModuleManager: Shutting down and abandoning module ClothingSystemRuntime (236)
[2019.04.09-20.12.46:650][576]LogModuleManager: Shutting down and abandoning module MediaAssets (234)
[2019.04.09-20.12.46:650][576]LogModuleManager: Shutting down and abandoning module Overlay (232)
[2019.04.09-20.12.46:650][576]LogModuleManager: Shutting down and abandoning module OverlayEditor (231)
[2019.04.09-20.12.46:650][576]LogModuleManager: Shutting down and abandoning module VREditor (228)
[2019.04.09-20.12.46:650][576]LogModuleManager: Shutting down and abandoning module StringTableEditor (226)
[2019.04.09-20.12.46:650][576]LogModuleManager: Shutting down and abandoning module GameplayTasksEditor (224)
[2019.04.09-20.12.46:650][576]LogModuleManager: Shutting down and abandoning module BehaviorTreeEditor (222)
[2019.04.09-20.12.46:650][576]LogModuleManager: Shutting down and abandoning module FunctionalTesting (220)
[2019.04.09-20.12.46:650][576]LogModuleManager: Shutting down and abandoning module CollisionAnalyzer (218)
[2019.04.09-20.12.46:650][576]LogModuleManager: Shutting down and abandoning module WorkspaceMenuStructure (217)
[2019.04.09-20.12.46:650][576]LogModuleManager: Shutting down and abandoning module UMG (214)
[2019.04.09-20.12.46:650][576]LogModuleManager: Shutting down and abandoning module UMGEditor (213)
[2019.04.09-20.12.46:650][576]LogModuleManager: Shutting down and abandoning module Sequencer (212)
[2019.04.09-20.12.46:651][576]LogModuleManager: Shutting down and abandoning module MessageLog (209)
[2019.04.09-20.12.46:651][576]LogModuleManager: Shutting down and abandoning module SlateReflector (204)
[2019.04.09-20.12.46:651][576]LogModuleManager: Shutting down and abandoning module Slate (202)
[2019.04.09-20.12.46:651][576]LogModuleManager: Shutting down and abandoning module EditorStyle (200)
[2019.04.09-20.12.46:654][576]LogModuleManager: Shutting down and abandoning module MRMesh (198)
[2019.04.09-20.12.46:654][576]LogModuleManager: Shutting down and abandoning module SourceCodeAccess (196)
[2019.04.09-20.12.46:654][576]LogModuleManager: Shutting down and abandoning module HeadMountedDisplay (194)
[2019.04.09-20.12.46:654][576]LogModuleManager: Shutting down and abandoning module XAudio2 (192)
[2019.04.09-20.12.46:655][576]LogModuleManager: Shutting down and abandoning module Networking (190)
[2019.04.09-20.12.46:655][576]LogModuleManager: Shutting down and abandoning module Core (188)
[2019.04.09-20.12.46:655][576]LogModuleManager: Shutting down and abandoning module LevelSequence (186)
[2019.04.09-20.12.46:655][576]LogModuleManager: Shutting down and abandoning module KismetCompiler (184)
[2019.04.09-20.12.46:655][576]LogModuleManager: Shutting down and abandoning module MeshUtilities (182)
[2019.04.09-20.12.46:655][576]LogModuleManager: Shutting down and abandoning module MeshMergeUtilities (181)
[2019.04.09-20.12.46:655][576]LogModuleManager: Shutting down and abandoning module MeshReductionInterface (180)
[2019.04.09-20.12.46:655][576]LogModuleManager: Shutting down and abandoning module SimplygonSwarm (179)
[2019.04.09-20.12.46:655][576]LogModuleManager: Shutting down and abandoning module ProxyLODMeshReduction (177)
[2019.04.09-20.12.46:655][576]LogModuleManager: Shutting down and abandoning module SimplygonMeshReduction (175)
[2019.04.09-20.12.46:655][576]LogModuleManager: Shutting down and abandoning module QuadricMeshReduction (173)
[2019.04.09-20.12.46:655][576]LogModuleManager: Shutting down and abandoning module MaterialBaking (169)
[2019.04.09-20.12.46:655][576]LogModuleManager: Shutting down and abandoning module DirectoryWatcher (165)
[2019.04.09-20.12.46:655][576]LogModuleManager: Shutting down and abandoning module DerivedDataCache (162)
[2019.04.09-20.12.46:680][576]LogDerivedDataCache: Shutdown
[2019.04.09-20.12.46:680][576]LogModuleManager: Shutting down and abandoning module XGEController (160)
[2019.04.09-20.12.46:680][576]LogXGEController: Cleaning working directory: C:/Users/AccuCities/AppData/Local/Temp/UnrealXGEWorkingDir/
[2019.04.09-20.12.46:680][576]LogModuleManager: Shutting down and abandoning module TargetPlatform (158)
[2019.04.09-20.12.46:680][576]LogModuleManager: Shutting down and abandoning module VulkanShaderFormat (157)
[2019.04.09-20.12.46:680][576]LogModuleManager: Shutting down and abandoning module ShaderFormatVectorVM (155)
[2019.04.09-20.12.46:680][576]LogModuleManager: Shutting down and abandoning module ShaderFormatOpenGL (153)
[2019.04.09-20.12.46:680][576]LogModuleManager: Shutting down and abandoning module ShaderFormatD3D (151)
[2019.04.09-20.12.46:680][576]LogModuleManager: Shutting down and abandoning module MetalShaderFormat (149)
[2019.04.09-20.12.46:680][576]LogModuleManager: Shutting down and abandoning module TextureFormatUncompressed (147)
[2019.04.09-20.12.46:680][576]LogModuleManager: Shutting down and abandoning module TextureFormatPVR (145)
[2019.04.09-20.12.46:681][576]LogModuleManager: Shutting down and abandoning module TextureFormatDXT (143)
[2019.04.09-20.12.46:681][576]LogModuleManager: Shutting down and abandoning module TextureFormatIntelISPCTexComp (141)
[2019.04.09-20.12.46:681][576]LogModuleManager: Shutting down and abandoning module TextureFormatASTC (139)
[2019.04.09-20.12.46:681][576]LogModuleManager: Shutting down and abandoning module ImageWrapper (138)
[2019.04.09-20.12.46:681][576]LogModuleManager: Shutting down and abandoning module TextureFormatAndroid (135)
[2019.04.09-20.12.46:681][576]LogModuleManager: Shutting down and abandoning module AudioFormatOpus (133)
[2019.04.09-20.12.46:681][576]LogModuleManager: Shutting down and abandoning module AudioFormatOgg (131)
[2019.04.09-20.12.46:681][576]LogModuleManager: Shutting down and abandoning module AudioFormatADPCM (129)
[2019.04.09-20.12.46:681][576]LogModuleManager: Shutting down and abandoning module LuminTargetPlatform (127)
[2019.04.09-20.12.46:681][576]LogModuleManager: Shutting down and abandoning module LinuxTargetPlatform (125)
[2019.04.09-20.12.46:681][576]LogModuleManager: Shutting down and abandoning module LinuxServerTargetPlatform (123)
[2019.04.09-20.12.46:681][576]LogModuleManager: Shutting down and abandoning module LinuxNoEditorTargetPlatform (121)
[2019.04.09-20.12.46:681][576]LogModuleManager: Shutting down and abandoning module LinuxClientTargetPlatform (119)
[2019.04.09-20.12.46:681][576]LogModuleManager: Shutting down and abandoning module TVOSTargetPlatform (117)
[2019.04.09-20.12.46:684][576]LogModuleManager: Shutting down and abandoning module Messaging (115)
[2019.04.09-20.12.46:684][576]LogModuleManager: Shutting down and abandoning module IOSTargetPlatform (113)
[2019.04.09-20.12.46:686][576]LogModuleManager: Shutting down and abandoning module HTML5TargetPlatform (111)
[2019.04.09-20.12.46:686][576]LogModuleManager: Shutting down and abandoning module AndroidTargetPlatform (109)
[2019.04.09-20.12.46:699][576]LogModuleManager: Shutting down and abandoning module WindowsTargetPlatform (107)
[2019.04.09-20.12.46:699][576]LogModuleManager: Shutting down and abandoning module WindowsServerTargetPlatform (105)
[2019.04.09-20.12.46:699][576]LogModuleManager: Shutting down and abandoning module WindowsNoEditorTargetPlatform (103)
[2019.04.09-20.12.46:699][576]LogModuleManager: Shutting down and abandoning module WindowsClientTargetPlatform (101)
[2019.04.09-20.12.46:699][576]LogModuleManager: Shutting down and abandoning module MacTargetPlatform (99)
[2019.04.09-20.12.46:699][576]LogModuleManager: Shutting down and abandoning module MacServerTargetPlatform (97)
[2019.04.09-20.12.46:699][576]LogModuleManager: Shutting down and abandoning module MacNoEditorTargetPlatform (95)
[2019.04.09-20.12.46:700][576]LogModuleManager: Shutting down and abandoning module MacClientTargetPlatform (93)
[2019.04.09-20.12.46:700][576]LogModuleManager: Shutting down and abandoning module AllDesktopTargetPlatform (91)
[2019.04.09-20.12.46:700][576]LogModuleManager: Shutting down and abandoning module InputCore (88)
[2019.04.09-20.12.46:700][576]LogModuleManager: Shutting down and abandoning module Settings (86)
[2019.04.09-20.12.46:700][576]LogModuleManager: Shutting down and abandoning module PhysXCooking (84)
[2019.04.09-20.12.46:700][576]LogModuleManager: Shutting down and abandoning module SteamVR (82)
[2019.04.09-20.12.46:700][576]LogModuleManager: Shutting down and abandoning module OculusHMD (80)
[2019.04.09-20.12.46:700][576]LogModuleManager: Shutting down and abandoning module ExampleDeviceProfileSelector (78)
[2019.04.09-20.12.46:700][576]LogModuleManager: Shutting down and abandoning module LauncherChunkInstaller (76)
[2019.04.09-20.12.46:700][576]LogModuleManager: Shutting down and abandoning module OnlineBlueprintSupport (74)
[2019.04.09-20.12.46:700][576]LogModuleManager: Shutting down and abandoning module OnlineSubsystem (70)
[2019.04.09-20.12.46:701][576]LogModuleManager: Shutting down and abandoning module XMPP (65)
[2019.04.09-20.12.46:702][576]LogModuleManager: Shutting down and abandoning module WebSockets (64)
[2019.04.09-20.12.46:707][576]LogModuleManager: Shutting down and abandoning module HTTP (61)
[2019.04.09-20.12.46:707][576]LogHttp: Display: Http module shutting down, but needs to wait on 1 outstanding Http requests:
[2019.04.09-20.12.46:707][576]LogHttp: Display: 	verb=[POST] url=[https://datarouter.ol.epicgames.com/datarouter/api/v1/public/data?SessionID=%7B2E2C20AB-4830-FBE7-43B0-3D8390ED4F9E%7D&AppID=UEEditor.Rocket.Release&AppVersion=4.20.3-4369336%2B%2B%2BUE4%2BRelease-4.20&UserID=1a1ae3a043df34643f0dfcac79015837%7Cb96d456e1b554fd6a7c4f09ee2f85aac%7Cc5c4eb9c-8bdf-4db1-ac20-061787c31da3&AppEnvironment=datacollector-binary&UploadType=eteventstream] status=Processing
[2019.04.09-20.12.46:715][576]LogModuleManager: Shutting down and abandoning module SSL (60)
[2019.04.09-20.12.46:718][576]LogModuleManager: Shutting down and abandoning module MagicLeapEmulator (56)
[2019.04.09-20.12.46:718][576]LogModuleManager: Shutting down and abandoning module MagicLeapPrivileges (54)
[2019.04.09-20.12.46:718][576]LogModuleManager: Shutting down and abandoning module MagicLeapIdentity (52)
[2019.04.09-20.12.46:718][576]LogModuleManager: Shutting down and abandoning module MagicLeapHelperVulkan (50)
[2019.04.09-20.12.46:718][576]LogModuleManager: Shutting down and abandoning module MagicLeapHelperOpenGL (48)
[2019.04.09-20.12.46:718][576]LogModuleManager: Shutting down and abandoning module MagicLeapSecureStorage (46)
[2019.04.09-20.12.46:718][576]LogModuleManager: Shutting down and abandoning module MagicLeapGestures (44)
[2019.04.09-20.12.46:718][576]LogModuleManager: Shutting down and abandoning module MagicLeapEyeTracker (42)
[2019.04.09-20.12.46:718][576]LogModuleManager: Shutting down and abandoning module MagicLeapController (40)
[2019.04.09-20.12.46:718][576]LogSlate: Slate User Destroyed.  User Index 0, Is Virtual User: 0
[2019.04.09-20.12.46:718][576]LogModuleManager: Shutting down and abandoning module MagicLeap (38)
[2019.04.09-20.12.46:718][576]LogModuleManager: Shutting down and abandoning module AnimationModifiers (36)
[2019.04.09-20.12.46:718][576]LogModuleManager: Shutting down and abandoning module PropertyEditor (35)
[2019.04.09-20.12.46:718][576]LogModuleManager: Shutting down and abandoning module AudioEditor (32)
[2019.04.09-20.12.46:718][576]LogModuleManager: Shutting down and abandoning module TextureCompressor (30)
[2019.04.09-20.12.46:718][576]LogModuleManager: Shutting down and abandoning module ShaderCore (28)
[2019.04.09-20.12.46:718][576]LogModuleManager: Shutting down and abandoning module Landscape (26)
[2019.04.09-20.12.46:718][576]LogModuleManager: Shutting down and abandoning module SlateRHIRenderer (24)
[2019.04.09-20.12.46:719][576]LogModuleManager: Shutting down and abandoning module OpenGLDrv (22)
[2019.04.09-20.12.46:719][576]LogModuleManager: Shutting down and abandoning module D3D11RHI (20)
[2019.04.09-20.12.46:719][576]LogModuleManager: Shutting down and abandoning module AnimGraphRuntime (18)
[2019.04.09-20.12.46:719][576]LogModuleManager: Shutting down and abandoning module Renderer (16)
[2019.04.09-20.12.46:719][576]LogModuleManager: Shutting down and abandoning module Engine (14)
[2019.04.09-20.12.46:719][576]LogModuleManager: Shutting down and abandoning module CoreUObject (12)
[2019.04.09-20.12.46:719][576]LogModuleManager: Shutting down and abandoning module NetworkFile (10)
[2019.04.09-20.12.46:719][576]LogModuleManager: Shutting down and abandoning module CookedIterativeFile (8)
[2019.04.09-20.12.46:719][576]LogModuleManager: Shutting down and abandoning module StreamingFile (6)
[2019.04.09-20.12.46:719][576]LogModuleManager: Shutting down and abandoning module SandboxFile (4)
[2019.04.09-20.12.46:719][576]LogModuleManager: Shutting down and abandoning module PakFile (2)
[2019.04.09-20.12.46:740][576]LogExit: Exiting.
[2019.04.09-20.12.46:749][576]Log file closed, 04/09/19 22:12:46
